[2026-04-17T20:00:35.750+0000] {local_task_job_runner.py:120} INFO - ::group::Pre task execution logs
[2026-04-17T20:00:35.786+0000] {taskinstance.py:2076} INFO - Dependencies all met for dep_context=non-requeueable deps ti=<TaskInstance: cinematch_ml_pipeline.run_eda manual__2026-04-17T20:00:30.185581+00:00 [queued]>
[2026-04-17T20:00:35.791+0000] {taskinstance.py:2076} INFO - Dependencies all met for dep_context=requeueable deps ti=<TaskInstance: cinematch_ml_pipeline.run_eda manual__2026-04-17T20:00:30.185581+00:00 [queued]>
[2026-04-17T20:00:35.791+0000] {taskinstance.py:2306} INFO - Starting attempt 1 of 2
[2026-04-17T20:00:35.798+0000] {taskinstance.py:2330} INFO - Executing <Task(PythonOperator): run_eda> on 2026-04-17 20:00:30.185581+00:00
[2026-04-17T20:00:35.806+0000] {standard_task_runner.py:90} INFO - Running: ['***', 'tasks', 'run', 'cinematch_ml_pipeline', 'run_eda', 'manual__2026-04-17T20:00:30.185581+00:00', '--job-id', '9', '--raw', '--subdir', 'DAGS_FOLDER/cinematch_dag.py', '--cfg-path', '/tmp/tmp5jm6w5ms']
[2026-04-17T20:00:35.810+0000] {standard_task_runner.py:91} INFO - Job 9: Subtask run_eda
[2026-04-17T20:00:35.810+0000] {logging_mixin.py:188} WARNING - /home/***/.local/lib/python3.12/site-packages/***/task/task_runner/standard_task_runner.py:62 DeprecationWarning: This process (pid=1107) is multi-threaded, use of fork() may lead to deadlocks in the child.
[2026-04-17T20:00:35.812+0000] {standard_task_runner.py:64} INFO - Started process 1108 to run task
[2026-04-17T20:00:35.856+0000] {task_command.py:426} INFO - Running <TaskInstance: cinematch_ml_pipeline.run_eda manual__2026-04-17T20:00:30.185581+00:00 [running]> on host b5f2b191a8ac
[2026-04-17T20:00:35.904+0000] {taskinstance.py:2648} INFO - Exporting env vars: AIRFLOW_CTX_DAG_OWNER='cinematch' AIRFLOW_CTX_DAG_ID='cinematch_ml_pipeline' AIRFLOW_CTX_TASK_ID='run_eda' AIRFLOW_CTX_EXECUTION_DATE='2026-04-17T20:00:30.185581+00:00' AIRFLOW_CTX_TRY_NUMBER='1' AIRFLOW_CTX_DAG_RUN_ID='manual__2026-04-17T20:00:30.185581+00:00'
[2026-04-17T20:00:35.905+0000] {taskinstance.py:430} INFO - ::endgroup::
[2026-04-17T20:00:36.890+0000] {cinematch_dag.py:121} INFO - Running EDA...
[2026-04-17T20:00:37.298+0000] {logging_mixin.py:188} WARNING - /home/***/.local/lib/python3.12/site-packages/mlflow/tracking/_tracking_service/utils.py:184 FutureWarning: The filesystem tracking backend (e.g., './mlruns') is deprecated as of February 2026. Consider transitioning to a database backend (e.g., 'sqlite:///mlflow.db') to take advantage of the latest MLflow features. See https://mlflow.org/docs/latest/self-hosting/migrate-from-file-store for migration guidance.
[2026-04-17T20:00:37.330+0000] {logging_mixin.py:188} WARNING - 2026/04/17 20:00:37 WARNING mlflow.utils.git_utils: Failed to import Git (the Git executable is probably not on your PATH), so Git SHA is not available. Error: Failed to initialize: Bad git executable.
The git executable must be specified in one of the following ways:
    - be included in your $PATH
    - be set via $GIT_PYTHON_GIT_EXECUTABLE
    - explicitly set via git.refresh(<full-path-to-git-executable>)

All git commands will error until this is rectified.

This initial message can be silenced or aggravated in the future by setting the
$GIT_PYTHON_REFRESH environment variable. Use one of the following values:
    - quiet|q|silence|s|silent|none|n|0: for no message or exception
    - warn|w|warning|log|l|1: for a warning message (logging level CRITICAL, displayed by default)
    - error|e|exception|raise|r|2: for a raised exception

Example:
    export GIT_PYTHON_REFRESH=quiet
[2026-04-17T20:00:37.376+0000] {cinematch_dag.py:145} INFO - EDA completed ✅
[2026-04-17T20:00:37.378+0000] {python.py:237} INFO - Done. Returned value was: {'status': 'success'}
[2026-04-17T20:00:37.378+0000] {taskinstance.py:441} INFO - ::group::Post task execution logs
[2026-04-17T20:00:37.402+0000] {taskinstance.py:1206} INFO - Marking task as SUCCESS. dag_id=cinematch_ml_pipeline, task_id=run_eda, run_id=manual__2026-04-17T20:00:30.185581+00:00, execution_date=20260417T200030, start_date=20260417T200035, end_date=20260417T200037
[2026-04-17T20:00:37.459+0000] {local_task_job_runner.py:243} INFO - Task exited with return code 0
[2026-04-17T20:00:37.487+0000] {taskinstance.py:3503} INFO - 1 downstream tasks scheduled from follow-on schedule check
[2026-04-17T20:00:37.488+0000] {local_task_job_runner.py:222} INFO - ::endgroup::
