[2026-04-17T20:00:38.415+0000] {local_task_job_runner.py:120} INFO - ::group::Pre task execution logs
[2026-04-17T20:00:38.436+0000] {taskinstance.py:2076} INFO - Dependencies all met for dep_context=non-requeueable deps ti=<TaskInstance: cinematch_ml_pipeline.preprocess_features manual__2026-04-17T20:00:30.185581+00:00 [queued]>
[2026-04-17T20:00:38.446+0000] {taskinstance.py:2076} INFO - Dependencies all met for dep_context=requeueable deps ti=<TaskInstance: cinematch_ml_pipeline.preprocess_features manual__2026-04-17T20:00:30.185581+00:00 [queued]>
[2026-04-17T20:00:38.447+0000] {taskinstance.py:2306} INFO - Starting attempt 1 of 2
[2026-04-17T20:00:38.456+0000] {taskinstance.py:2330} INFO - Executing <Task(PythonOperator): preprocess_features> on 2026-04-17 20:00:30.185581+00:00
[2026-04-17T20:00:38.467+0000] {standard_task_runner.py:90} INFO - Running: ['***', 'tasks', 'run', 'cinematch_ml_pipeline', 'preprocess_features', 'manual__2026-04-17T20:00:30.185581+00:00', '--job-id', '10', '--raw', '--subdir', 'DAGS_FOLDER/cinematch_dag.py', '--cfg-path', '/tmp/tmp56ipg0gk']
[2026-04-17T20:00:38.471+0000] {standard_task_runner.py:91} INFO - Job 10: Subtask preprocess_features
[2026-04-17T20:00:38.471+0000] {logging_mixin.py:188} WARNING - /home/***/.local/lib/python3.12/site-packages/***/task/task_runner/standard_task_runner.py:62 DeprecationWarning: This process (pid=1115) is multi-threaded, use of fork() may lead to deadlocks in the child.
[2026-04-17T20:00:38.473+0000] {standard_task_runner.py:64} INFO - Started process 1116 to run task
[2026-04-17T20:00:38.499+0000] {task_command.py:426} INFO - Running <TaskInstance: cinematch_ml_pipeline.preprocess_features manual__2026-04-17T20:00:30.185581+00:00 [running]> on host b5f2b191a8ac
[2026-04-17T20:00:38.548+0000] {taskinstance.py:2648} INFO - Exporting env vars: AIRFLOW_CTX_DAG_OWNER='cinematch' AIRFLOW_CTX_DAG_ID='cinematch_ml_pipeline' AIRFLOW_CTX_TASK_ID='preprocess_features' AIRFLOW_CTX_EXECUTION_DATE='2026-04-17T20:00:30.185581+00:00' AIRFLOW_CTX_TRY_NUMBER='1' AIRFLOW_CTX_DAG_RUN_ID='manual__2026-04-17T20:00:30.185581+00:00'
[2026-04-17T20:00:38.550+0000] {taskinstance.py:430} INFO - ::endgroup::
[2026-04-17T20:00:39.536+0000] {cinematch_dag.py:160} INFO - Starting preprocessing...
[2026-04-17T20:00:39.947+0000] {preprocess.py:260} INFO - Starting preprocessing pipeline...
[2026-04-17T20:00:39.950+0000] {preprocess.py:272} INFO - Dropped 3 null rows. Remaining: 4806
[2026-04-17T20:00:44.991+0000] {preprocess.py:299} INFO - Tags built: overview(1x) + genres(2x) + keywords(1x) + cast(2x) + director(3x)
[2026-04-17T20:00:44.992+0000] {preprocess.py:87} INFO - Calculating baseline statistics for drift detection...
[2026-04-17T20:00:45.147+0000] {preprocess.py:143} INFO - Baseline calculated: 4806 movies, avg tag length: 591.7 chars
[2026-04-17T20:00:45.147+0000] {preprocess.py:164} INFO - Calculating feature importance...
[2026-04-17T20:00:45.181+0000] {preprocess.py:183} INFO - Feature importance: {'overview': 67.25, 'genres': 6.53, 'keywords': 9.72, 'cast': 12.67, 'director': 3.84}
[2026-04-17T20:00:45.265+0000] {preprocess.py:232} INFO - Features saved to feature store: v_20260417_200045
[2026-04-17T20:00:45.266+0000] {preprocess.py:308} INFO - Feature store version: 20260417_200045
[2026-04-17T20:00:45.289+0000] {logging_mixin.py:188} WARNING - /home/***/.local/lib/python3.12/site-packages/mlflow/tracking/_tracking_service/utils.py:184 FutureWarning: The filesystem tracking backend (e.g., './mlruns') is deprecated as of February 2026. Consider transitioning to a database backend (e.g., 'sqlite:///mlflow.db') to take advantage of the latest MLflow features. See https://mlflow.org/docs/latest/self-hosting/migrate-from-file-store for migration guidance.
[2026-04-17T20:00:45.322+0000] {logging_mixin.py:188} WARNING - 2026/04/17 20:00:45 WARNING mlflow.utils.git_utils: Failed to import Git (the Git executable is probably not on your PATH), so Git SHA is not available. Error: Failed to initialize: Bad git executable.
The git executable must be specified in one of the following ways:
    - be included in your $PATH
    - be set via $GIT_PYTHON_GIT_EXECUTABLE
    - explicitly set via git.refresh(<full-path-to-git-executable>)

All git commands will error until this is rectified.

This initial message can be silenced or aggravated in the future by setting the
$GIT_PYTHON_REFRESH environment variable. Use one of the following values:
    - quiet|q|silence|s|silent|none|n|0: for no message or exception
    - warn|w|warning|log|l|1: for a warning message (logging level CRITICAL, displayed by default)
    - error|e|exception|raise|r|2: for a raised exception

Example:
    export GIT_PYTHON_REFRESH=quiet
[2026-04-17T20:00:45.397+0000] {cinematch_dag.py:186} INFO - Preprocessing complete: 4806 movies ✅
[2026-04-17T20:00:45.402+0000] {python.py:237} INFO - Done. Returned value was: {'status': 'success', 'movies': 4806}
[2026-04-17T20:00:45.403+0000] {taskinstance.py:441} INFO - ::group::Post task execution logs
[2026-04-17T20:00:45.416+0000] {taskinstance.py:1206} INFO - Marking task as SUCCESS. dag_id=cinematch_ml_pipeline, task_id=preprocess_features, run_id=manual__2026-04-17T20:00:30.185581+00:00, execution_date=20260417T200030, start_date=20260417T200038, end_date=20260417T200045
[2026-04-17T20:00:45.477+0000] {local_task_job_runner.py:243} INFO - Task exited with return code 0
[2026-04-17T20:00:45.492+0000] {taskinstance.py:3503} INFO - 0 downstream tasks scheduled from follow-on schedule check
[2026-04-17T20:00:45.492+0000] {local_task_job_runner.py:222} INFO - ::endgroup::
